<?xml version="1.0" encoding="UTF-8"?>
<!-- Generated by org.testng.reporters.JUnitReportReporter -->
<testsuite hostname="NBVZYS02" name="com.myntra.qa.testcases.HomePageTest" tests="4" failures="0" timestamp="25 Feb 2018 16:32:01 GMT" time="122.771" errors="0">
  <testcase name="search_ProductItems_by_ProductBrand" time="37.931" classname="com.myntra.qa.testcases.HomePageTest"/>
  <testcase name="search_ProductItems_by_ProductBrand" time="26.009" classname="com.myntra.qa.testcases.HomePageTest"/>
  <testcase name="search_ProductItems_by_ProductBrand" time="31.843" classname="com.myntra.qa.testcases.HomePageTest"/>
  <testcase name="search_ProductItems_by_partial_ProductBrandName" time="26.988" classname="com.myntra.qa.testcases.HomePageTest"/>
</testsuite> <!-- com.myntra.qa.testcases.HomePageTest -->
