<?xml version="1.0" encoding="UTF-8"?>
<!-- Generated by org.testng.reporters.JUnitReportReporter -->
<testsuite hostname="NBVZYS02" name="com.myntra.qa.testcases.WishListPageTest" tests="2" failures="0" timestamp="25 Feb 2018 16:32:01 GMT" time="124.663" errors="0">
  <testcase name="remove_Product_Item_From_Wishlist" time="55.988" classname="com.myntra.qa.testcases.WishListPageTest"/>
  <testcase name="add_And_Checkout_Product_Items" time="68.675" classname="com.myntra.qa.testcases.WishListPageTest"/>
</testsuite> <!-- com.myntra.qa.testcases.WishListPageTest -->
