<?xml version="1.0" encoding="UTF-8"?>
<!-- Generated by org.testng.reporters.JUnitReportReporter -->
<testsuite hostname="NBVZYS02" name="com.myntra.qa.testcases.ProductListpageTest" tests="2" failures="0" timestamp="25 Feb 2018 16:32:01 GMT" time="64.096" errors="0">
  <testcase name="add_Multiple_Product_To_wishList" time="33.573" classname="com.myntra.qa.testcases.ProductListpageTest"/>
  <testcase name="search_Add_Product_WishList" time="30.523" classname="com.myntra.qa.testcases.ProductListpageTest"/>
</testsuite> <!-- com.myntra.qa.testcases.ProductListpageTest -->
