<?xml version="1.0" encoding="UTF-8"?>
<!-- Generated by org.testng.reporters.JUnitReportReporter -->
<testsuite hostname="NBVZYS02" name="com.myntra.qa.testcases.HomePageTest" tests="4" failures="0" timestamp="25 Feb 2018 16:23:20 GMT" time="142.528" errors="0">
  <testcase name="search_ProductItems_by_ProductBrand" time="54.314" classname="com.myntra.qa.testcases.HomePageTest"/>
  <testcase name="search_ProductItems_by_ProductBrand" time="27.460" classname="com.myntra.qa.testcases.HomePageTest"/>
  <testcase name="search_ProductItems_by_partial_ProductBrandName" time="26.302" classname="com.myntra.qa.testcases.HomePageTest"/>
  <testcase name="search_ProductItems_by_ProductBrand" time="34.452" classname="com.myntra.qa.testcases.HomePageTest"/>
</testsuite> <!-- com.myntra.qa.testcases.HomePageTest -->
