<?xml version="1.0" encoding="UTF-8"?>
<!-- Generated by org.testng.reporters.JUnitReportReporter -->
<testsuite hostname="NBVZYS02" name="com.myntra.qa.testcases.ProductListpageTest" tests="2" failures="0" timestamp="24 Feb 2018 16:38:37 GMT" time="96.155" errors="0">
  <testcase name="search_Add_Product_WishList" time="51.538" classname="com.myntra.qa.testcases.ProductListpageTest"/>
  <testcase name="add_Multiple_Product_To_wishList" time="44.617" classname="com.myntra.qa.testcases.ProductListpageTest"/>
</testsuite> <!-- com.myntra.qa.testcases.ProductListpageTest -->
