<?xml version="1.0" encoding="UTF-8"?>
<!-- Generated by org.testng.reporters.JUnitReportReporter -->
<testsuite hostname="NBVZYS02" name="com.myntra.qa.testcases.WishListPageTest" tests="2" failures="0" timestamp="24 Feb 2018 16:38:37 GMT" time="90.053" errors="0">
  <testcase name="add_And_Checkout_Product_Items" time="45.697" classname="com.myntra.qa.testcases.WishListPageTest"/>
  <testcase name="remove_Product_Item_From_Wishlist" time="44.356" classname="com.myntra.qa.testcases.WishListPageTest"/>
</testsuite> <!-- com.myntra.qa.testcases.WishListPageTest -->
